<?xml version="1.0" encoding="UTF-8"?>
<!-- Generated by org.testng.reporters.JUnitReportReporter -->
<testsuite skipped="0" hostname="Kiruthik" name="Lead.TL_01NavigateToLeadPage" tests="1" failures="0" timestamp="07 Feb 2022 13:59:25 GMT" time="61.557" errors="0">
  <testcase name="createLead" time="61.557" classname="Lead.TL_01NavigateToLeadPage"/>
</testsuite> <!-- Lead.TL_01NavigateToLeadPage -->
