<?xml version="1.0" encoding="UTF-8"?>
<!-- Generated by org.testng.reporters.JUnitReportReporter -->
<testsuite skipped="0" hostname="Kiruthik" name="com.TY.Demo" tests="2" failures="0" timestamp="26 Nov 2021 16:38:46 GMT" time="0.036" errors="0">
  <testcase name="resource" time="0.027" classname="com.TY.Demo"/>
  <testcase name="lead" time="0.009" classname="com.TY.Demo"/>
</testsuite> <!-- com.TY.Demo -->
