<?xml version="1.0" encoding="UTF-8"?>
<!-- Generated by org.testng.reporters.JUnitReportReporter -->
<testsuite skipped="0" hostname="Kiruthik" name="emo.D" tests="3" failures="0" timestamp="07 Feb 2022 12:43:59 GMT" time="73.358" errors="0">
  <testcase name="s4" time="24.397" classname="emo.D"/>
  <testcase name="s1" time="24.816" classname="emo.D"/>
  <testcase name="s5" time="24.145" classname="emo.D"/>
</testsuite> <!-- emo.D -->
