<?xml version="1.0" encoding="UTF-8"?>
<!-- Generated by org.testng.reporters.JUnitReportReporter -->
<testsuite skipped="0" hostname="Kiruthik" name="Lead.TL_02CreateNewLeadbByfillAllTheFieldsAndSave" tests="1" failures="0" timestamp="07 Feb 2022 14:02:51 GMT" time="38.893" errors="0">
  <testcase name="createNewLeadbByfillAllTheFieldsAndSave" time="38.893" classname="Lead.TL_02CreateNewLeadbByfillAllTheFieldsAndSave"/>
</testsuite> <!-- Lead.TL_02CreateNewLeadbByfillAllTheFieldsAndSave -->
